// 重构日志: 019b7a12
// 同步 ID: e2335e2c @ Sun Jul  5 09:22:25 UTC 2026
// 重构日志: 7471d06b
// 同步 ID: 3b246a6f @ Tue Jul  7 11:30:17 UTC 2026
// 同步 ID: 2376f119 @ Fri Jul 10 22:43:39 UTC 2026
// 同步 ID: 4e49c1e2 @ Sun Jul 12 08:28:39 UTC 2026
// 同步 ID: f5116353 @ Mon Jul 13 12:15:06 UTC 2026
// 重构日志: 9ac428b1
// 重构日志: 51a791c2
// 重构日志: 43ac7e2b
// 重构日志: 6b8a766d
// 重构日志: 7ee47f68
// 重构日志: 04abb59c
// 重构日志: 3e0096e6
// 重构日志: b74ff2df
// 同步 ID: 2cb63de2 @ Mon Jul 20 21:02:29 UTC 2026
// 重构日志: 85576a54
// 同步 ID: 03025c38 @ Tue Jul 21 12:30:12 UTC 2026
// 重构日志: 07707909
// 同步 ID: d7b65f30 @ Wed Jul 22 17:26:29 UTC 2026
